Ejecutando simulación N-Body en C++...
Benchmark configuration:
  N           = 1000
  repetitions = 10
  dt          = 0.010000
  seed        = 42
  schedule    = static
  chunk       = 16
  output      = /home/ceph/gcabrera/distri-lab-test/nbody_2d/Resultados_Benchmark/benchmark

Scaling analysis (computeAccelerations):
threads time_mean time_std speedup efficiency
1 0.005584 0.000092 1.000000 1.000000
2 0.002818 0.000073 1.981336 0.990668
4 0.001482 0.000121 3.767616 0.941904
8 0.001269 0.000084 4.400083 0.550010

Scaling analysis (full Euler step):
threads time_mean time_std speedup efficiency
1 0.005590 0.000100 1.000000 1.000000
2 0.002802 0.000006 1.994817 0.997408
4 0.001465 0.000091 3.815266 0.953816
8 0.001235 0.000003 4.527021 0.565878

Generated: /home/ceph/gcabrera/distri-lab-test/nbody_2d/Resultados_Benchmark/benchmark_scaling.dat
Generated: /home/ceph/gcabrera/distri-lab-test/nbody_2d/Resultados_Benchmark/benchmark_scaling_fullstep.dat
Plot script: OK

Schedule comparison (computeAccelerations):
schedule chunk threads time_mean time_std
static 1 8 0.001228 0.000067
static 4 8 0.001231 0.000008
static 16 8 0.001235 0.000006
static 64 8 0.001234 0.000002
dynamic 1 8 0.001207 0.000002
dynamic 4 8 0.001229 0.000002
dynamic 16 8 0.001232 0.000002
dynamic 64 8 0.001232 0.000003
guided 1 8 0.001207 0.000008
guided 4 8 0.001228 0.000002
guided 16 8 0.001240 0.000003
guided 64 8 0.001396 0.000009

Schedule comparison (full Euler step):
schedule chunk threads time_mean time_std
static 1 8 0.001208 0.000003
static 4 8 0.001230 0.000002
static 16 8 0.001240 0.000013
static 64 8 0.001235 0.000003
dynamic 1 8 0.001210 0.000002
dynamic 4 8 0.001232 0.000003
dynamic 16 8 0.001235 0.000003
dynamic 64 8 0.001235 0.000002
guided 1 8 0.001210 0.000010
guided 4 8 0.001231 0.000003
guided 16 8 0.001245 0.000004
guided 64 8 0.001394 0.000014

Generated: /home/ceph/gcabrera/distri-lab-test/nbody_2d/Resultados_Benchmark/benchmark_schedules.dat
Generated: /home/ceph/gcabrera/distri-lab-test/nbody_2d/Resultados_Benchmark/benchmark_schedules_fullstep.dat
Generando gráficos de reportes...
Nothing to do. Provide --performance-output and/or --physics-output.
Generando gráficos de escalabilidad...
usage: plot_scaling.py [-h] --input INPUT --output OUTPUT --amdahl-output
                       AMDAHL_OUTPUT
plot_scaling.py: error: the following arguments are required: --input, --output, --amdahl-output
